{
  "0 debug pnpm:scope": {
    "selected": 1
  },
  "1 debug pnpm:package-manifest": {
    "initial": {},
    "prefix": "/Users/yarnb/Library/pnpm/store/v3/tmp/dlx-8828"
  },
  "2 debug pnpm:context": {
    "currentLockfileExists": false,
    "storeDir": "/Users/yarnb/Library/pnpm/store/v3",
    "virtualStoreDir": "/Users/yarnb/Library/pnpm/store/v3/tmp/dlx-8828/node_modules/.pnpm"
  },
  "3 debug pnpm:stage": {
    "prefix": "/Users/yarnb/Library/pnpm/store/v3/tmp/dlx-8828",
    "stage": "resolution_started"
  },
  "4 debug pnpm:request-retry": {
    "attempt": 1,
    "error": {
      "type": "system",
      "errno": "ERR_SOCKET_TIMEOUT",
      "code": "ERR_SOCKET_TIMEOUT"
    },
    "maxRetries": 2,
    "method": "GET",
    "timeout": 10000,
    "url": "http://npm.tongyu.tech/create-umi"
  },
  "5 debug pnpm:request-retry": {
    "attempt": 2,
    "error": {
      "type": "system",
      "errno": "ERR_SOCKET_TIMEOUT",
      "code": "ERR_SOCKET_TIMEOUT"
    },
    "maxRetries": 2,
    "method": "GET",
    "timeout": 60000,
    "url": "http://npm.tongyu.tech/create-umi"
  },
  "6 error pnpm": {
    "code": "ERR_PNPM_META_FETCH_FAIL",
    "attempts": 1,
    "spec": {
      "fetchSpec": "latest",
      "name": "create-umi",
      "type": "tag"
    },
    "pkgsStack": [],
    "err": {
      "name": "pnpm",
      "message": "GET http://npm.tongyu.tech/create-umi: request to http://npm.tongyu.tech/create-umi failed, reason: Socket timeout",
      "code": "ERR_PNPM_META_FETCH_FAIL",
      "stack": "pnpm: GET http://npm.tongyu.tech/create-umi: request to http://npm.tongyu.tech/create-umi failed, reason: Socket timeout\n    at RetryOperation._fn (/snapshot/dist/pnpm.cjs)\n    at processTicksAndRejections (internal/process/task_queues.js:95:5)"
    }
  }
}